<?xml version="1.0" encoding="UTF-8"?>
<testsuite name="Тесты калькулятора" tests="5" skipped="0" failures="0" errors="0" timestamp="2025-07-22T08:10:37.835Z" hostname="DESKTOP-6BJVTUO" time="0.068">
  <properties/>
  <testcase name="Тест деления на ноль" classname="ru.mentee.power.CalculatorTest" time="0.031"/>
  <testcase name="Тест операции сложения" classname="ru.mentee.power.CalculatorTest" time="0.002"/>
  <testcase name="Тест операции вычитания" classname="ru.mentee.power.CalculatorTest" time="0.003"/>
  <testcase name="Тест операции деления" classname="ru.mentee.power.CalculatorTest" time="0.007"/>
  <testcase name="Тест операции умножения" classname="ru.mentee.power.CalculatorTest" time="0.007"/>
  <system-out><![CDATA[]]></system-out>
  <system-err><![CDATA[]]></system-err>
</testsuite>
